c:\users\chris\dropbox\fem\x64\debug\vc140.pdb
c:\users\chris\dropbox\fem\x64\debug\vc140.idb
c:\users\chris\appdata\local\temp\irmagent.log
c:\users\chris\appdata\local\microsoft\clr_v2.0\usagelogs\intelremotemonagent2.exe.log
c:\users\chris\appdata\locallow\microsoft\cryptneturlcache\metadata\0f7456fd78deb390e51db22fdeb14606
c:\users\chris\dropbox\fem\x64\debug\fem.ilk
c:\users\chris\dropbox\fem\x64\debug\fem.exe
c:\users\chris\dropbox\fem\x64\debug\fem.exe.manifest
c:\users\chris\dropbox\fem\x64\debug\fem.pdb
c:\users\chris\dropbox\fem\x64\debug\vc120.pdb
c:\users\chris\dropbox\fem\x64\debug\fem.tlog\cl.command.1.tlog
c:\users\chris\dropbox\fem\x64\debug\fem.tlog\cl.read.1.tlog
c:\users\chris\dropbox\fem\x64\debug\fem.tlog\cl.write.1.tlog
c:\users\chris\dropbox\fem\x64\debug\fem.tlog\icl-intelremotemonserver-intelremotemonagent-intelremotemonagent2.read.1.tlog
c:\users\chris\dropbox\fem\x64\debug\fem.tlog\icl-intelremotemonserver-intelremotemonagent-intelremotemonagent2.write.1.tlog
c:\users\chris\dropbox\fem\x64\debug\fem.tlog\icl-intelremotemonserver-intelremotemonagent.read.1.tlog
c:\users\chris\dropbox\fem\x64\debug\fem.tlog\icl-intelremotemonserver-intelremotemonagent.read.2.tlog
c:\users\chris\dropbox\fem\x64\debug\fem.tlog\icl-intelremotemonserver-intelremotemonagent.write.2.tlog
c:\users\chris\dropbox\fem\x64\debug\fem.tlog\icl-intelremotemonserver.read.1.tlog
c:\users\chris\dropbox\fem\x64\debug\fem.tlog\icl-intelremotemonserver.read.12.tlog
c:\users\chris\dropbox\fem\x64\debug\fem.tlog\icl-intelremotemonserver.read.2.tlog
c:\users\chris\dropbox\fem\x64\debug\fem.tlog\icl-intelremotemonserver.read.4.tlog
c:\users\chris\dropbox\fem\x64\debug\fem.tlog\icl-intelremotemonserver.read.5.tlog
c:\users\chris\dropbox\fem\x64\debug\fem.tlog\icl-intelremotemonserver.read.6.tlog
c:\users\chris\dropbox\fem\x64\debug\fem.tlog\icl-intelremotemonserver.write.12.tlog
c:\users\chris\dropbox\fem\x64\debug\fem.tlog\icl-intelremotemonserver.write.2.tlog
c:\users\chris\dropbox\fem\x64\debug\fem.tlog\icl-intelremotemonserver.write.4.tlog
c:\users\chris\dropbox\fem\x64\debug\fem.tlog\icl-intelremotemonserver.write.5.tlog
c:\users\chris\dropbox\fem\x64\debug\fem.tlog\icl-intelremotemonserver.write.6.tlog
c:\users\chris\dropbox\fem\x64\debug\fem.tlog\icl-mcpcom.read.1.tlog
c:\users\chris\dropbox\fem\x64\debug\fem.tlog\icl-mcpcom.write.1.tlog
c:\users\chris\dropbox\fem\x64\debug\fem.tlog\icl.command.1.tlog
c:\users\chris\dropbox\fem\x64\debug\fem.tlog\icl.read.1.tlog
c:\users\chris\dropbox\fem\x64\debug\fem.tlog\icl.write.1.tlog
c:\users\chris\dropbox\fem\x64\debug\fem.tlog\xilink-link.4188.read.1.tlog
c:\users\chris\dropbox\fem\x64\debug\fem.tlog\xilink-link.4188.read.2.tlog
c:\users\chris\dropbox\fem\x64\debug\fem.tlog\xilink-link.4188.write.1.tlog
c:\users\chris\dropbox\fem\x64\debug\fem.tlog\xilink-link.5128.read.1.tlog
c:\users\chris\dropbox\fem\x64\debug\fem.tlog\xilink-link.5128.read.2.tlog
c:\users\chris\dropbox\fem\x64\debug\fem.tlog\xilink-link.5128.write.1.tlog
c:\users\chris\dropbox\fem\x64\debug\fem.tlog\xilink-link.9320.read.1.tlog
c:\users\chris\dropbox\fem\x64\debug\fem.tlog\xilink-link.9320.read.2.tlog
c:\users\chris\dropbox\fem\x64\debug\fem.tlog\xilink-link.9320.write.1.tlog
c:\users\chris\dropbox\fem\x64\debug\fem.tlog\xilink-link.read.1.tlog
c:\users\chris\dropbox\fem\x64\debug\fem.tlog\xilink-link.read.2.tlog
c:\users\chris\dropbox\fem\x64\debug\fem.tlog\xilink-link.write.1.tlog
c:\users\chris\dropbox\fem\x64\debug\fem.tlog\xilink-mcpcom.read.1.tlog
c:\users\chris\dropbox\fem\x64\debug\fem.tlog\xilink-mcpcom.write.1.tlog
c:\users\chris\dropbox\fem\x64\debug\fem.tlog\xilink.command.1.tlog
c:\users\chris\dropbox\fem\x64\debug\fem.tlog\xilink.read.1.tlog
c:\users\chris\dropbox\fem\x64\debug\fem.tlog\xilink.write.1.tlog
